<?xml version="1.0" encoding="UTF-8"?>
<robot generator="Robot 7.0 (Python 3.12.2 on win32)" generated="2024-03-13T05:54:27.202198" rpa="false" schemaversion="5">
<suite id="s1" name="Search Google" source="c:\Source\Robot_Framework_Python\src\01_easy_selenium_example\search_google.robot">
<test id="s1-t1" name="Open Google.com and check the url" line="7">
<kw name="Open Browser" owner="SeleniumLibrary">
<msg time="2024-03-13T05:54:27.391088" level="INFO">Opening browser 'edge' to base url 'https://www.google.com'.</msg>
<arg>url=https://www.google.com</arg>
<arg>browser=edge</arg>
<doc>Opens a new browser instance to the optional ``url``.</doc>
<status status="PASS" start="2024-03-13T05:54:27.391088" elapsed="2.632603"/>
</kw>
<kw name="Input Text" owner="SeleniumLibrary">
<msg time="2024-03-13T05:54:30.025580" level="INFO">Typing text 'something' into text field 'xpath: /html/body/div[1]/div[3]/form/div[1]/div[1]/div[1]/div/div[2]/textarea'.</msg>
<arg>xpath: /html/body/div[1]/div[3]/form/div[1]/div[1]/div[1]/div/div[2]/textarea</arg>
<arg>something</arg>
<doc>Types the given ``text`` into the text field identified by ``locator``.</doc>
<status status="PASS" start="2024-03-13T05:54:30.025580" elapsed="0.139450"/>
</kw>
<kw name="Press Keys" owner="SeleniumLibrary">
<msg time="2024-03-13T05:54:30.167094" level="INFO">Sending key(s) ('RETURN',) to xpath: /html/body/div[1]/div[3]/form/div[1]/div[1]/div[1]/div/div[2]/textarea element.</msg>
<msg time="2024-03-13T05:54:30.568117" level="INFO">Pressing special key RETURN to element.</msg>
<msg time="2024-03-13T05:54:30.569188" level="INFO">Releasing special key RETURN.</msg>
<arg>xpath: /html/body/div[1]/div[3]/form/div[1]/div[1]/div[1]/div/div[2]/textarea</arg>
<arg>RETURN</arg>
<doc>Simulates the user pressing key(s) to an element or on the active browser.</doc>
<status status="PASS" start="2024-03-13T05:54:30.166271" elapsed="1.130192"/>
</kw>
<kw name="Close Browser" owner="SeleniumLibrary">
<doc>Closes the current browser.</doc>
<status status="PASS" start="2024-03-13T05:54:31.296463" elapsed="3.232791"/>
</kw>
<status status="PASS" start="2024-03-13T05:54:27.391088" elapsed="7.140223"/>
</test>
<doc>I want to open the google url and search for "something"</doc>
<status status="PASS" start="2024-03-13T05:54:27.205552" elapsed="7.328389"/>
</suite>
<statistics>
<total>
<stat pass="1" fail="0" skip="0">All Tests</stat>
</total>
<tag>
</tag>
<suite>
<stat pass="1" fail="0" skip="0" id="s1" name="Search Google">Search Google</stat>
</suite>
</statistics>
<errors>
</errors>
</robot>
